# JRE version: OpenJDK Runtime Environment (8.0_76-b03) (build 1.8.0_76-release-b03)
# Java VM: OpenJDK 64-Bit Server VM (25.76-b03 mixed mode windows-amd64 compressed oops)
Heap:
 PSYoungGen      total 204800K, used 204773K [0x00000000d5580000, 0x00000000f2e80000, 0x0000000100000000)
  eden space 196608K, 100% used [0x00000000d5580000,0x00000000e1580000,0x00000000e1580000)
  from space 8192K, 99% used [0x00000000e1580000,0x00000000e1d79750,0x00000000e1d80000)
  to   space 45568K, 86% used [0x00000000f0200000,0x00000000f28a5780,0x00000000f2e80000)
 ParOldGen       total 131072K, used 59400K [0x0000000080000000, 0x0000000088000000, 0x00000000d5580000)
  object space 131072K, 45% used [0x0000000080000000,0x0000000083a020d0,0x0000000088000000)
 Metaspace       used 6384K, capacity 7216K, committed 7296K, reserved 1056768K
  class space    used 580K, capacity 616K, committed 640K, reserved 1048576K
GC Heap History (10 events):
Event: 0.580 GC heap after
Heap after GC invocations=1 (full 0):
 PSYoungGen      total 57344K, used 3589K [0x00000000d5580000, 0x00000000dc580000, 0x0000000100000000)
  eden space 49152K, 0% used [0x00000000d5580000,0x00000000d5580000,0x00000000d8580000)
  from space 8192K, 43% used [0x00000000d8580000,0x00000000d8901580,0x00000000d8d80000)
  to   space 8192K, 0% used [0x00000000dbd80000,0x00000000dbd80000,0x00000000dc580000)
 ParOldGen       total 131072K, used 0K [0x0000000080000000, 0x0000000088000000, 0x00000000d5580000)
  object space 131072K, 0% used [0x0000000080000000,0x0000000080000000,0x0000000088000000)
 Metaspace       used 3331K, capacity 4720K, committed 4864K, reserved 1056768K
  class space    used 350K, capacity 424K, committed 512K, reserved 1048576K
}
Event: 0.620 GC heap before
{Heap before GC invocations=2 (full 0):
 PSYoungGen      total 57344K, used 52741K [0x00000000d5580000, 0x00000000dc580000, 0x0000000100000000)
  eden space 49152K, 100% used [0x00000000d5580000,0x00000000d8580000,0x00000000d8580000)
  from space 8192K, 43% used [0x00000000d8580000,0x00000000d8901580,0x00000000d8d80000)
  to   space 8192K, 0% used [0x00000000dbd80000,0x00000000dbd80000,0x00000000dc580000)
 ParOldGen       total 131072K, used 0K [0x0000000080000000, 0x0000000088000000, 0x00000000d5580000)
  object space 131072K, 0% used [0x0000000080000000,0x0000000080000000,0x0000000088000000)
 Metaspace       used 3343K, capacity 4720K, committed 4864K, reserved 1056768K
  class space    used 350K, capacity 424K, committed 512K, reserved 1048576K
Event: 0.789 GC heap after
Heap after GC invocations=2 (full 0):
 PSYoungGen      total 106496K, used 3414K [0x00000000d5580000, 0x00000000dc580000, 0x0000000100000000)
  eden space 98304K, 0% used [0x00000000d5580000,0x00000000d5580000,0x00000000db580000)
  from space 8192K, 41% used [0x00000000dbd80000,0x00000000dc0d5bc8,0x00000000dc580000)
  to   space 8192K, 0% used [0x00000000db580000,0x00000000db580000,0x00000000dbd80000)
 ParOldGen       total 131072K, used 8K [0x0000000080000000, 0x0000000088000000, 0x00000000d5580000)
  object space 131072K, 0% used [0x0000000080000000,0x0000000080002000,0x0000000088000000)
 Metaspace       used 3343K, capacity 4720K, committed 4864K, reserved 1056768K
  class space    used 350K, capacity 424K, committed 512K, reserved 1048576K
}
Event: 6.454 GC heap before
{Heap before GC invocations=3 (full 0):
 PSYoungGen      total 106496K, used 101718K [0x00000000d5580000, 0x00000000dc580000, 0x0000000100000000)
  eden space 98304K, 100% used [0x00000000d5580000,0x00000000db580000,0x00000000db580000)
  from space 8192K, 41% used [0x00000000dbd80000,0x00000000dc0d5bc8,0x00000000dc580000)
  to   space 8192K, 0% used [0x00000000db580000,0x00000000db580000,0x00000000dbd80000)
 ParOldGen       total 131072K, used 8K [0x0000000080000000, 0x0000000088000000, 0x00000000d5580000)
  object space 131072K, 0% used [0x0000000080000000,0x0000000080002000,0x0000000088000000)
 Metaspace       used 6179K, capacity 7088K, committed 7296K, reserved 1056768K
  class space    used 575K, capacity 616K, committed 640K, reserved 1048576K
Event: 6.910 GC heap after
Heap after GC invocations=3 (full 0):
 PSYoungGen      total 106496K, used 8176K [0x00000000d5580000, 0x00000000e2580000, 0x0000000100000000)
  eden space 98304K, 0% used [0x00000000d5580000,0x00000000d5580000,0x00000000db580000)
  from space 8192K, 99% used [0x00000000db580000,0x00000000dbd7c038,0x00000000dbd80000)
  to   space 8192K, 0% used [0x00000000e1d80000,0x00000000e1d80000,0x00000000e2580000)
 ParOldGen       total 131072K, used 10290K [0x0000000080000000, 0x0000000088000000, 0x00000000d5580000)
  object space 131072K, 7% used [0x0000000080000000,0x0000000080a0cbb8,0x0000000088000000)
 Metaspace       used 6179K, capacity 7088K, committed 7296K, reserved 1056768K
  class space    used 575K, capacity 616K, committed 640K, reserved 1048576K
}
Event: 9.332 GC heap before
{Heap before GC invocations=4 (full 0):
 PSYoungGen      total 106496K, used 106480K [0x00000000d5580000, 0x00000000e2580000, 0x0000000100000000)
  eden space 98304K, 100% used [0x00000000d5580000,0x00000000db580000,0x00000000db580000)
  from space 8192K, 99% used [0x00000000db580000,0x00000000dbd7c038,0x00000000dbd80000)
  to   space 8192K, 0% used [0x00000000e1d80000,0x00000000e1d80000,0x00000000e2580000)
 ParOldGen       total 131072K, used 10290K [0x0000000080000000, 0x0000000088000000, 0x00000000d5580000)
  object space 131072K, 7% used [0x0000000080000000,0x0000000080a0cbb8,0x0000000088000000)
 Metaspace       used 6256K, capacity 7152K, committed 7296K, reserved 1056768K
  class space    used 576K, capacity 616K, committed 640K, reserved 1048576K
Event: 9.656 GC heap after
Heap after GC invocations=4 (full 0):
 PSYoungGen      total 204800K, used 8176K [0x00000000d5580000, 0x00000000e2580000, 0x0000000100000000)
  eden space 196608K, 0% used [0x00000000d5580000,0x00000000d5580000,0x00000000e1580000)
  from space 8192K, 99% used [0x00000000e1d80000,0x00000000e257c0e8,0x00000000e2580000)
  to   space 8192K, 0% used [0x00000000e1580000,0x00000000e1580000,0x00000000e1d80000)
 ParOldGen       total 131072K, used 26047K [0x0000000080000000, 0x0000000088000000, 0x00000000d5580000)
  object space 131072K, 19% used [0x0000000080000000,0x000000008196fda8,0x0000000088000000)
 Metaspace       used 6256K, capacity 7152K, committed 7296K, reserved 1056768K
  class space    used 576K, capacity 616K, committed 640K, reserved 1048576K
}
Event: 10.924 GC heap before
{Heap before GC invocations=5 (full 0):
 PSYoungGen      total 204800K, used 204784K [0x00000000d5580000, 0x00000000e2580000, 0x0000000100000000)
  eden space 196608K, 100% used [0x00000000d5580000,0x00000000e1580000,0x00000000e1580000)
  from space 8192K, 99% used [0x00000000e1d80000,0x00000000e257c0e8,0x00000000e2580000)
  to   space 8192K, 0% used [0x00000000e1580000,0x00000000e1580000,0x00000000e1d80000)
 ParOldGen       total 131072K, used 26047K [0x0000000080000000, 0x0000000088000000, 0x00000000d5580000)
  object space 131072K, 19% used [0x0000000080000000,0x000000008196fda8,0x0000000088000000)
 Metaspace       used 6377K, capacity 7216K, committed 7296K, reserved 1056768K
  class space    used 580K, capacity 616K, committed 640K, reserved 1048576K
Event: 11.122 GC heap after
Heap after GC invocations=5 (full 0):
 PSYoungGen      total 204800K, used 8165K [0x00000000d5580000, 0x00000000f2e80000, 0x0000000100000000)
  eden space 196608K, 0% used [0x00000000d5580000,0x00000000d5580000,0x00000000e1580000)
  from space 8192K, 99% used [0x00000000e1580000,0x00000000e1d79750,0x00000000e1d80000)
  to   space 45568K, 0% used [0x00000000f0200000,0x00000000f0200000,0x00000000f2e80000)
 ParOldGen       total 131072K, used 59400K [0x0000000080000000, 0x0000000088000000, 0x00000000d5580000)
  object space 131072K, 45% used [0x0000000080000000,0x0000000083a020d0,0x0000000088000000)
 Metaspace       used 6377K, capacity 7216K, committed 7296K, reserved 1056768K
  class space    used 580K, capacity 616K, committed 640K, reserved 1048576K
}
Event: 11.445 GC heap before
{Heap before GC invocations=6 (full 0):
 PSYoungGen      total 204800K, used 204773K [0x00000000d5580000, 0x00000000f2e80000, 0x0000000100000000)
  eden space 196608K, 100% used [0x00000000d5580000,0x00000000e1580000,0x00000000e1580000)
  from space 8192K, 99% used [0x00000000e1580000,0x00000000e1d79750,0x00000000e1d80000)
  to   space 45568K, 0% used [0x00000000f0200000,0x00000000f0200000,0x00000000f2e80000)
 ParOldGen       total 131072K, used 59400K [0x0000000080000000, 0x0000000088000000, 0x00000000d5580000)
  object space 131072K, 45% used [0x0000000080000000,0x0000000083a020d0,0x0000000088000000)
 Metaspace       used 6384K, capacity 7216K, committed 7296K, reserved 1056768K
  class space    used 580K, capacity 616K, committed 640K, reserved 1048576K

