# JRE version: OpenJDK Runtime Environment (8.0_76-b03) (build 1.8.0_76-release-b03)
# Java VM: OpenJDK 64-Bit Server VM (25.76-b03 mixed mode windows-amd64 compressed oops)
Heap:
 PSYoungGen      total 532992K, used 235584K [0x00000000d5580000, 0x0000000100000000, 0x0000000100000000)
  eden space 374272K, 20% used [0x00000000d5580000,0x00000000da095c10,0x00000000ec300000)
  from space 158720K, 99% used [0x00000000ec300000,0x00000000f5dfa3f8,0x00000000f5e00000)
  to   space 165888K, 0% used [0x00000000f5e00000,0x00000000f5e00000,0x0000000100000000)
 ParOldGen       total 403456K, used 223598K [0x0000000080000000, 0x0000000098a00000, 0x00000000d5580000)
  object space 403456K, 55% used [0x0000000080000000,0x000000008da5bb58,0x0000000098a00000)
 Metaspace       used 6564K, capacity 7286K, committed 7552K, reserved 1056768K
  class space    used 602K, capacity 622K, committed 640K, reserved 1048576K
GC Heap History (10 events):
Event: 5.554 GC heap before
{Heap before GC invocations=7 (full 1):
 PSYoungGen      total 204800K, used 196608K [0x00000000d5580000, 0x00000000f8d80000, 0x0000000100000000)
  eden space 196608K, 100% used [0x00000000d5580000,0x00000000e1580000,0x00000000e1580000)
  from space 8192K, 0% used [0x00000000e1580000,0x00000000e1580000,0x00000000e1d80000)
  to   space 94208K, 0% used [0x00000000f3180000,0x00000000f3180000,0x00000000f8d80000)
 ParOldGen       total 262656K, used 108371K [0x0000000080000000, 0x0000000090080000, 0x00000000d5580000)
  object space 262656K, 41% used [0x0000000080000000,0x00000000869d4dd0,0x0000000090080000)
 Metaspace       used 6422K, capacity 7218K, committed 7296K, reserved 1056768K
  class space    used 596K, capacity 618K, committed 640K, reserved 1048576K
Event: 5.684 GC heap after
Heap after GC invocations=7 (full 1):
 PSYoungGen      total 390656K, used 73868K [0x00000000d5580000, 0x00000000f7a00000, 0x0000000100000000)
  eden space 316416K, 0% used [0x00000000d5580000,0x00000000d5580000,0x00000000e8a80000)
  from space 74240K, 99% used [0x00000000f3180000,0x00000000f79a3328,0x00000000f7a00000)
  to   space 105472K, 0% used [0x00000000eac00000,0x00000000eac00000,0x00000000f1300000)
 ParOldGen       total 262656K, used 108371K [0x0000000080000000, 0x0000000090080000, 0x00000000d5580000)
  object space 262656K, 41% used [0x0000000080000000,0x00000000869d4dd0,0x0000000090080000)
 Metaspace       used 6422K, capacity 7218K, committed 7296K, reserved 1056768K
  class space    used 596K, capacity 618K, committed 640K, reserved 1048576K
}
Event: 6.400 GC heap before
{Heap before GC invocations=8 (full 1):
 PSYoungGen      total 390656K, used 390284K [0x00000000d5580000, 0x00000000f7a00000, 0x0000000100000000)
  eden space 316416K, 100% used [0x00000000d5580000,0x00000000e8a80000,0x00000000e8a80000)
  from space 74240K, 99% used [0x00000000f3180000,0x00000000f79a3328,0x00000000f7a00000)
  to   space 105472K, 0% used [0x00000000eac00000,0x00000000eac00000,0x00000000f1300000)
 ParOldGen       total 262656K, used 108371K [0x0000000080000000, 0x0000000090080000, 0x00000000d5580000)
  object space 262656K, 41% used [0x0000000080000000,0x00000000869d4dd0,0x0000000090080000)
 Metaspace       used 6456K, capacity 7218K, committed 7296K, reserved 1056768K
  class space    used 596K, capacity 618K, committed 640K, reserved 1048576K
Event: 6.525 GC heap after
Heap after GC invocations=8 (full 1):
 PSYoungGen      total 456192K, used 105442K [0x00000000d5580000, 0x0000000100000000, 0x0000000100000000)
  eden space 350720K, 0% used [0x00000000d5580000,0x00000000d5580000,0x00000000eac00000)
  from space 105472K, 99% used [0x00000000eac00000,0x00000000f12f8968,0x00000000f1300000)
  to   space 165888K, 0% used [0x00000000f5e00000,0x00000000f5e00000,0x0000000100000000)
 ParOldGen       total 262656K, used 183789K [0x0000000080000000, 0x0000000090080000, 0x00000000d5580000)
  object space 262656K, 69% used [0x0000000080000000,0x000000008b37b7b8,0x0000000090080000)
 Metaspace       used 6456K, capacity 7218K, committed 7296K, reserved 1056768K
  class space    used 596K, capacity 618K, committed 640K, reserved 1048576K
}
Event: 6.525 GC heap before
{Heap before GC invocations=9 (full 2):
 PSYoungGen      total 456192K, used 105442K [0x00000000d5580000, 0x0000000100000000, 0x0000000100000000)
  eden space 350720K, 0% used [0x00000000d5580000,0x00000000d5580000,0x00000000eac00000)
  from space 105472K, 99% used [0x00000000eac00000,0x00000000f12f8968,0x00000000f1300000)
  to   space 165888K, 0% used [0x00000000f5e00000,0x00000000f5e00000,0x0000000100000000)
 ParOldGen       total 262656K, used 183789K [0x0000000080000000, 0x0000000090080000, 0x00000000d5580000)
  object space 262656K, 69% used [0x0000000080000000,0x000000008b37b7b8,0x0000000090080000)
 Metaspace       used 6456K, capacity 7218K, committed 7296K, reserved 1056768K
  class space    used 596K, capacity 618K, committed 640K, reserved 1048576K
Event: 7.010 GC heap after
Heap after GC invocations=9 (full 2):
 PSYoungGen      total 456192K, used 0K [0x00000000d5580000, 0x0000000100000000, 0x0000000100000000)
  eden space 350720K, 0% used [0x00000000d5580000,0x00000000d5580000,0x00000000eac00000)
  from space 105472K, 0% used [0x00000000eac00000,0x00000000eac00000,0x00000000f1300000)
  to   space 165888K, 0% used [0x00000000f5e00000,0x00000000f5e00000,0x0000000100000000)
 ParOldGen       total 403456K, used 197480K [0x0000000080000000, 0x0000000098a00000, 0x00000000d5580000)
  object space 403456K, 48% used [0x0000000080000000,0x000000008c0da300,0x0000000098a00000)
 Metaspace       used 6456K, capacity 7218K, committed 7296K, reserved 1056768K
  class space    used 596K, capacity 618K, committed 640K, reserved 1048576K
}
Event: 8.001 GC heap before
{Heap before GC invocations=10 (full 2):
 PSYoungGen      total 456192K, used 350720K [0x00000000d5580000, 0x0000000100000000, 0x0000000100000000)
  eden space 350720K, 100% used [0x00000000d5580000,0x00000000eac00000,0x00000000eac00000)
  from space 105472K, 0% used [0x00000000eac00000,0x00000000eac00000,0x00000000f1300000)
  to   space 165888K, 0% used [0x00000000f5e00000,0x00000000f5e00000,0x0000000100000000)
 ParOldGen       total 403456K, used 197480K [0x0000000080000000, 0x0000000098a00000, 0x00000000d5580000)
  object space 403456K, 48% used [0x0000000080000000,0x000000008c0da300,0x0000000098a00000)
 Metaspace       used 6461K, capacity 7218K, committed 7296K, reserved 1056768K
  class space    used 596K, capacity 618K, committed 640K, reserved 1048576K
Event: 8.086 GC heap after
Heap after GC invocations=10 (full 2):
 PSYoungGen      total 540160K, used 75067K [0x00000000d5580000, 0x0000000100000000, 0x0000000100000000)
  eden space 374272K, 0% used [0x00000000d5580000,0x00000000d5580000,0x00000000ec300000)
  from space 165888K, 45% used [0x00000000f5e00000,0x00000000fa74eca8,0x0000000100000000)
  to   space 158720K, 0% used [0x00000000ec300000,0x00000000ec300000,0x00000000f5e00000)
 ParOldGen       total 403456K, used 197480K [0x0000000080000000, 0x0000000098a00000, 0x00000000d5580000)
  object space 403456K, 48% used [0x0000000080000000,0x000000008c0da300,0x0000000098a00000)
 Metaspace       used 6461K, capacity 7218K, committed 7296K, reserved 1056768K
  class space    used 596K, capacity 618K, committed 640K, reserved 1048576K
}
Event: 8.666 GC heap before
{Heap before GC invocations=11 (full 2):
 PSYoungGen      total 540160K, used 449339K [0x00000000d5580000, 0x0000000100000000, 0x0000000100000000)
  eden space 374272K, 100% used [0x00000000d5580000,0x00000000ec300000,0x00000000ec300000)
  from space 165888K, 45% used [0x00000000f5e00000,0x00000000fa74eca8,0x0000000100000000)
  to   space 158720K, 0% used [0x00000000ec300000,0x00000000ec300000,0x00000000f5e00000)
 ParOldGen       total 403456K, used 197480K [0x0000000080000000, 0x0000000098a00000, 0x00000000d5580000)
  object space 403456K, 48% used [0x0000000080000000,0x000000008c0da300,0x0000000098a00000)
 Metaspace       used 6468K, capacity 7218K, committed 7296K, reserved 1056768K
  class space    used 597K, capacity 618K, committed 640K, reserved 1048576K
Event: 8.792 GC heap after
Heap after GC invocations=11 (full 2):
 PSYoungGen      total 532992K, used 158696K [0x00000000d5580000, 0x0000000100000000, 0x0000000100000000)
  eden space 374272K, 0% used [0x00000000d5580000,0x00000000d5580000,0x00000000ec300000)
  from space 158720K, 99% used [0x00000000ec300000,0x00000000f5dfa3f8,0x00000000f5e00000)
  to   space 165888K, 0% used [0x00000000f5e00000,0x00000000f5e00000,0x0000000100000000)
 ParOldGen       total 403456K, used 223598K [0x0000000080000000, 0x0000000098a00000, 0x00000000d5580000)
  object space 403456K, 55% used [0x0000000080000000,0x000000008da5bb58,0x0000000098a00000)
 Metaspace       used 6468K, capacity 7218K, committed 7296K, reserved 1056768K
  class space    used 597K, capacity 618K, committed 640K, reserved 1048576K
}

