# JRE version: OpenJDK Runtime Environment (8.0_76-b03) (build 1.8.0_76-release-b03)
# Java VM: OpenJDK 64-Bit Server VM (25.76-b03 mixed mode windows-amd64 compressed oops)
Heap:
 PSYoungGen      total 465920K, used 181218K [0x00000000d5580000, 0x0000000100000000, 0x0000000100000000)
  eden space 232960K, 77% used [0x00000000d5580000,0x00000000e0678aa0,0x00000000e3900000)
  from space 232960K, 0% used [0x00000000e3900000,0x00000000e3900000,0x00000000f1c80000)
  to   space 232960K, 0% used [0x00000000f1c80000,0x00000000f1c80000,0x0000000100000000)
 ParOldGen       total 975872K, used 630930K [0x0000000080000000, 0x00000000bb900000, 0x00000000d5580000)
  object space 975872K, 64% used [0x0000000080000000,0x00000000a68248c8,0x00000000bb900000)
 Metaspace       used 6696K, capacity 7350K, committed 7552K, reserved 1056768K
  class space    used 607K, capacity 622K, committed 640K, reserved 1048576K
GC Heap History (10 events):
Event: 25.072 GC heap before
{Heap before GC invocations=17 (full 2):
 PSYoungGen      total 447488K, used 425783K [0x00000000d5580000, 0x0000000100000000, 0x0000000100000000)
  eden space 232960K, 100% used [0x00000000d5580000,0x00000000e3900000,0x00000000e3900000)
  from space 214528K, 89% used [0x00000000f2e80000,0x00000000feacdf60,0x0000000100000000)
  to   space 232960K, 0% used [0x00000000e3900000,0x00000000e3900000,0x00000000f1c80000)
 ParOldGen       total 451584K, used 348172K [0x0000000080000000, 0x000000009b900000, 0x00000000d5580000)
  object space 451584K, 77% used [0x0000000080000000,0x00000000954030e0,0x000000009b900000)
 Metaspace       used 6588K, capacity 7282K, committed 7552K, reserved 1056768K
  class space    used 600K, capacity 618K, committed 640K, reserved 1048576K
Event: 25.320 GC heap after
Heap after GC invocations=17 (full 2):
 PSYoungGen      total 465920K, used 130876K [0x00000000d5580000, 0x0000000100000000, 0x0000000100000000)
  eden space 232960K, 0% used [0x00000000d5580000,0x00000000d5580000,0x00000000e3900000)
  from space 232960K, 56% used [0x00000000e3900000,0x00000000eb8cf128,0x00000000f1c80000)
  to   space 232960K, 0% used [0x00000000f1c80000,0x00000000f1c80000,0x0000000100000000)
 ParOldGen       total 451584K, used 446502K [0x0000000080000000, 0x000000009b900000, 0x00000000d5580000)
  object space 451584K, 98% used [0x0000000080000000,0x000000009b4098f0,0x000000009b900000)
 Metaspace       used 6588K, capacity 7282K, committed 7552K, reserved 1056768K
  class space    used 600K, capacity 618K, committed 640K, reserved 1048576K
}
Event: 25.320 GC heap before
{Heap before GC invocations=18 (full 3):
 PSYoungGen      total 465920K, used 130876K [0x00000000d5580000, 0x0000000100000000, 0x0000000100000000)
  eden space 232960K, 0% used [0x00000000d5580000,0x00000000d5580000,0x00000000e3900000)
  from space 232960K, 56% used [0x00000000e3900000,0x00000000eb8cf128,0x00000000f1c80000)
  to   space 232960K, 0% used [0x00000000f1c80000,0x00000000f1c80000,0x0000000100000000)
 ParOldGen       total 451584K, used 446502K [0x0000000080000000, 0x000000009b900000, 0x00000000d5580000)
  object space 451584K, 98% used [0x0000000080000000,0x000000009b4098f0,0x000000009b900000)
 Metaspace       used 6588K, capacity 7282K, committed 7552K, reserved 1056768K
  class space    used 600K, capacity 618K, committed 640K, reserved 1048576K
Event: 29.798 GC heap after
Heap after GC invocations=18 (full 3):
 PSYoungGen      total 465920K, used 120077K [0x00000000d5580000, 0x0000000100000000, 0x0000000100000000)
  eden space 232960K, 0% used [0x00000000d5580000,0x00000000d5580000,0x00000000e3900000)
  from space 232960K, 51% used [0x00000000e3900000,0x00000000eae434c0,0x00000000f1c80000)
  to   space 232960K, 0% used [0x00000000f1c80000,0x00000000f1c80000,0x0000000100000000)
 ParOldGen       total 716288K, used 451332K [0x0000000080000000, 0x00000000abb80000, 0x00000000d5580000)
  object space 716288K, 63% used [0x0000000080000000,0x000000009b8c1348,0x00000000abb80000)
 Metaspace       used 6588K, capacity 7282K, committed 7552K, reserved 1056768K
  class space    used 600K, capacity 618K, committed 640K, reserved 1048576K
}
Event: 30.163 GC heap before
{Heap before GC invocations=19 (full 3):
 PSYoungGen      total 465920K, used 353037K [0x00000000d5580000, 0x0000000100000000, 0x0000000100000000)
  eden space 232960K, 100% used [0x00000000d5580000,0x00000000e3900000,0x00000000e3900000)
  from space 232960K, 51% used [0x00000000e3900000,0x00000000eae434c0,0x00000000f1c80000)
  to   space 232960K, 0% used [0x00000000f1c80000,0x00000000f1c80000,0x0000000100000000)
 ParOldGen       total 716288K, used 451332K [0x0000000080000000, 0x00000000abb80000, 0x00000000d5580000)
  object space 716288K, 63% used [0x0000000080000000,0x000000009b8c1348,0x00000000abb80000)
 Metaspace       used 6652K, capacity 7284K, committed 7552K, reserved 1056768K
  class space    used 604K, capacity 620K, committed 640K, reserved 1048576K
Event: 30.886 GC heap after
Heap after GC invocations=19 (full 3):
 PSYoungGen      total 465920K, used 72415K [0x00000000d5580000, 0x0000000100000000, 0x0000000100000000)
  eden space 232960K, 0% used [0x00000000d5580000,0x00000000d5580000,0x00000000e3900000)
  from space 232960K, 31% used [0x00000000f1c80000,0x00000000f6337f08,0x0000000100000000)
  to   space 232960K, 0% used [0x00000000e3900000,0x00000000e3900000,0x00000000f1c80000)
 ParOldGen       total 716288K, used 534726K [0x0000000080000000, 0x00000000abb80000, 0x00000000d5580000)
  object space 716288K, 74% used [0x0000000080000000,0x00000000a0a31a88,0x00000000abb80000)
 Metaspace       used 6652K, capacity 7284K, committed 7552K, reserved 1056768K
  class space    used 604K, capacity 620K, committed 640K, reserved 1048576K
}
Event: 32.841 GC heap before
{Heap before GC invocations=20 (full 3):
 PSYoungGen      total 465920K, used 305375K [0x00000000d5580000, 0x0000000100000000, 0x0000000100000000)
  eden space 232960K, 100% used [0x00000000d5580000,0x00000000e3900000,0x00000000e3900000)
  from space 232960K, 31% used [0x00000000f1c80000,0x00000000f6337f08,0x0000000100000000)
  to   space 232960K, 0% used [0x00000000e3900000,0x00000000e3900000,0x00000000f1c80000)
 ParOldGen       total 716288K, used 534726K [0x0000000080000000, 0x00000000abb80000, 0x00000000d5580000)
  object space 716288K, 74% used [0x0000000080000000,0x00000000a0a31a88,0x00000000abb80000)
 Metaspace       used 6696K, capacity 7350K, committed 7552K, reserved 1056768K
  class space    used 607K, capacity 622K, committed 640K, reserved 1048576K
Event: 33.292 GC heap after
Heap after GC invocations=20 (full 3):
 PSYoungGen      total 465920K, used 36487K [0x00000000d5580000, 0x0000000100000000, 0x0000000100000000)
  eden space 232960K, 0% used [0x00000000d5580000,0x00000000d5580000,0x00000000e3900000)
  from space 232960K, 15% used [0x00000000e3900000,0x00000000e5ca1cc0,0x00000000f1c80000)
  to   space 232960K, 0% used [0x00000000f1c80000,0x00000000f1c80000,0x0000000100000000)
 ParOldGen       total 716288K, used 604656K [0x0000000080000000, 0x00000000abb80000, 0x00000000d5580000)
  object space 716288K, 84% used [0x0000000080000000,0x00000000a4e7c110,0x00000000abb80000)
 Metaspace       used 6696K, capacity 7350K, committed 7552K, reserved 1056768K
  class space    used 607K, capacity 622K, committed 640K, reserved 1048576K
}
Event: 33.292 GC heap before
{Heap before GC invocations=21 (full 4):
 PSYoungGen      total 465920K, used 36487K [0x00000000d5580000, 0x0000000100000000, 0x0000000100000000)
  eden space 232960K, 0% used [0x00000000d5580000,0x00000000d5580000,0x00000000e3900000)
  from space 232960K, 15% used [0x00000000e3900000,0x00000000e5ca1cc0,0x00000000f1c80000)
  to   space 232960K, 0% used [0x00000000f1c80000,0x00000000f1c80000,0x0000000100000000)
 ParOldGen       total 716288K, used 604656K [0x0000000080000000, 0x00000000abb80000, 0x00000000d5580000)
  object space 716288K, 84% used [0x0000000080000000,0x00000000a4e7c110,0x00000000abb80000)
 Metaspace       used 6696K, capacity 7350K, committed 7552K, reserved 1056768K
  class space    used 607K, capacity 622K, committed 640K, reserved 1048576K
Event: 40.665 GC heap after
Heap after GC invocations=21 (full 4):
 PSYoungGen      total 465920K, used 0K [0x00000000d5580000, 0x0000000100000000, 0x0000000100000000)
  eden space 232960K, 0% used [0x00000000d5580000,0x00000000d5580000,0x00000000e3900000)
  from space 232960K, 0% used [0x00000000e3900000,0x00000000e3900000,0x00000000f1c80000)
  to   space 232960K, 0% used [0x00000000f1c80000,0x00000000f1c80000,0x0000000100000000)
 ParOldGen       total 975872K, used 630930K [0x0000000080000000, 0x00000000bb900000, 0x00000000d5580000)
  object space 975872K, 64% used [0x0000000080000000,0x00000000a68248c8,0x00000000bb900000)
 Metaspace       used 6696K, capacity 7350K, committed 7552K, reserved 1056768K
  class space    used 607K, capacity 622K, committed 640K, reserved 1048576K
}

